<?xml version="1.0" encoding="UTF-8"?>
<testng-results ignored="1" total="2" passed="1" failed="0" skipped="0">
  <reporter-output>
  </reporter-output>
  <suite started-at="2019-05-19T04:47:25Z" name="Default suite" finished-at="2019-05-19T04:47:27Z" duration-ms="1792">
    <groups>
    </groups>
    <test started-at="2019-05-19T04:47:25Z" name="Default test" finished-at="2019-05-19T04:47:27Z" duration-ms="1792">
      <class name="getRequest.GetData">
        <test-method signature="testbody()[pri:0, instance:getRequest.GetData@691a7f8f]" started-at="2019-05-19T04:47:25Z" name="testbody" finished-at="2019-05-19T04:47:27Z" duration-ms="1721" status="PASS">
          <reporter-output>
          </reporter-output>
        </test-method> <!-- testbody -->
      </class> <!-- getRequest.GetData -->
    </test> <!-- Default test -->
  </suite> <!-- Default suite -->
</testng-results>
